-----------------------------------------
Scene: Mines - Number: 5
-----------------------------------------
Round: 1
Completion Time: 249.384
Errors: 44
-----------------------------------------
Round: 2
Completion Time: 112.7877
Errors: 59
-----------------------------------------
-----------------------------------------
-----------------------------------------
Scene: Decorator - Number: 5
84.57185
0.7433206
0.0287056
0.05326569
0.02108514
Round: 1
Completion Time: 409.5726
Accuracy: 84.57185, 0.7433206, 0.0287056, 0.05326569, 0.02108514 ListAVG: 17.08365
-----------------------------------------
0.02814829
0.02940595
0.01618266
0.1968116
0.1363814
Round: 2
Completion Time: 253.84
Accuracy: 84.57185, 0.7433206, 0.0287056, 0.05326569, 0.02108514, 0.02814829, 0.02940595, 0.01618266, 0.1968116, 0.1363814 ListAVG: 8.582517
-----------------------------------------
-----------------------------------------
Scene: Decorator - Number: 5
-----------------------------------------
Scene: Mines - Number: 5
Round: 1
Completion Time: 127.3039
Errors: 13
-----------------------------------------
-----------------------------------------
-----------------------------------------
-----------------------------------------
Round: 2
Completion Time: 114.8133
Errors: 25
-----------------------------------------
Scene: Decorator - Number: 5
0.07255971
0.05607605
0.07323921
0.01131892
0.02537668
Round: 1
Completion Time: 197.7215
Accuracy: 0.07255971, 0.05607605, 0.07323921, 0.01131892, 0.02537668 ListAVG: 0.04771411
-----------------------------------------
0.03279746
0.008496642
0.08547604
0.006860495
0.1527637
Round: 2
Completion Time: 159.88
Accuracy: 0.07255971, 0.05607605, 0.07323921, 0.01131892, 0.02537668, 0.03279746, 0.008496642, 0.08547604, 0.006860495, 0.1527637 ListAVG: 0.05249649
-----------------------------------------
-----------------------------------------
Scene: Decorator - Number: 5
Scene: Mines - Number: 5
-----------------------------------------
Round: 1
Completion Time: 97.9236
Errors: 9
-----------------------------------------
-----------------------------------------
Round: 2
Completion Time: 77.83537
Errors: 25
-----------------------------------------
-----------------------------------------
-----------------------------------------
Scene: Decorator - Number: 5
0.0004202127
0.003510714
0.02978742
0.002938509
0.05162954
Round: 1
Completion Time: 135.907
Accuracy: 0.0004202127, 0.003510714, 0.02978742, 0.002938509, 0.05162954 ListAVG: 0.01765728
-----------------------------------------
0.04848838
0.02916157
0.1715869
0.2200842
0.2017349
Round: 2
Completion Time: 119.66
Accuracy: 0.0004202127, 0.003510714, 0.02978742, 0.002938509, 0.05162954, 0.04848838, 0.02916157, 0.1715869, 0.2200842, 0.2017349 ListAVG: 0.07593424
-----------------------------------------
-----------------------------------------
Scene: Decorator - Number: 5
