-----------------------------------------
Scene: Mines - Number: 5
Round: 1
Completion Time: 139.0235
Errors: 36
-----------------------------------------
-----------------------------------------
Round: 2
Completion Time: 95.4908
Errors: 52
-----------------------------------------
-----------------------------------------
-----------------------------------------
Scene: Decorator - Number: 5
81.06884
0.001829863
0.04275739
0.01746118
0.01043677
Round: 1
Completion Time: 678.7
Accuracy: 81.06884, 0.001829863, 0.04275739, 0.01746118, 0.01043677 ListAVG: 16.22827
-----------------------------------------
0.01514256
0.01857281
0.1022458
0.3064007
0.07251501
Round: 2
Completion Time: 176.9
Accuracy: 81.06884, 0.001829863, 0.04275739, 0.01746118, 0.01043677, 0.01514256, 0.01857281, 0.1022458, 0.3064007, 0.07251501 ListAVG: 8.165621
-----------------------------------------
-----------------------------------------
Scene: Decorator - Number: 5
-----------------------------------------
Scene: Mines - Number: 5
Round: 1
Completion Time: 117.1102
Errors: 23
-----------------------------------------
-----------------------------------------
Round: 2
Completion Time: 117.3716
Errors: 23
-----------------------------------------
-----------------------------------------
-----------------------------------------
Scene: Decorator - Number: 5
0.03088117
0.05457103
0.0194937
0.0467062
0.1513988
Round: 1
Completion Time: 704.06
Accuracy: 0.03088117, 0.05457103, 0.0194937, 0.0467062, 0.1513988 ListAVG: 0.06061018
-----------------------------------------
0.3659308
0.003176928
0.02227724
0.2520919
0.003924966
Round: 2
Completion Time: 186.44
Accuracy: 0.03088117, 0.05457103, 0.0194937, 0.0467062, 0.1513988, 0.3659308, 0.003176928, 0.02227724, 0.2520919, 0.003924966 ListAVG: 0.09504527
-----------------------------------------
-----------------------------------------
Scene: Decorator - Number: 5
-----------------------------------------
Scene: Mines - Number: 5
Round: 1
Completion Time: 88.59202
Errors: 1
-----------------------------------------
-----------------------------------------
Round: 2
Completion Time: 140.4491
Errors: 2
-----------------------------------------
-----------------------------------------
-----------------------------------------
Scene: Decorator - Number: 5
0.08664727
0.02242327
0.007820129
0.03073215
0.06578565
Round: 1
Completion Time: 576.76
Accuracy: 0.08664727, 0.02242327, 0.007820129, 0.03073215, 0.06578565 ListAVG: 0.04268169
-----------------------------------------
0.0813365
0.0009298325
0.2304643
0.009694695
0.01091063
Round: 2
Completion Time: 149.8
Accuracy: 0.08664727, 0.02242327, 0.007820129, 0.03073215, 0.06578565, 0.0813365, 0.0009298325, 0.2304643, 0.009694695, 0.01091063 ListAVG: 0.05467444
-----------------------------------------
-----------------------------------------
Scene: Decorator - Number: 5
