Scene: Mines - Number: 5
-----------------------------------------
-----------------------------------------
Round: 1
Completion Time: 85.45374
Errors: 11
-----------------------------------------
Round: 2
Completion Time: 36.57572
Errors: 12
-----------------------------------------
-----------------------------------------
-----------------------------------------
Scene: Decorator - Number: 5
0.2852052
0.2010196
0.03662109
0.02467334
0.04273057
Round: 1
Completion Time: 116.5132
Accuracy: 0.2852052, 0.2010196, 0.03662109, 0.02467334, 0.04273057 ListAVG: 0.11805
-----------------------------------------
