Scene: Mines - Number: 5
-----------------------------------------
Round: 1
Completion Time: 128.0023
Errors: 29
-----------------------------------------
-----------------------------------------
Round: 2
Completion Time: 62.73178
Errors: 34
-----------------------------------------
-----------------------------------------
-----------------------------------------
Scene: Decorator - Number: 5
0.1332074
0.1093537
0.008097291
0.0426203
0.003644824
Round: 1
Completion Time: 211.5535
Accuracy: 0.1332074, 0.1093537, 0.008097291, 0.0426203, 0.003644824 ListAVG: 0.0593847
-----------------------------------------
0.005170703
0.06220341
0.0385344
0.03674328
0.01657307
Round: 2
Completion Time: 180.14
Accuracy: 0.1332074, 0.1093537, 0.008097291, 0.0426203, 0.003644824, 0.005170703, 0.06220341, 0.0385344, 0.03674328, 0.01657307 ListAVG: 0.04561484
-----------------------------------------
-----------------------------------------
Scene: Decorator - Number: 5
-----------------------------------------
Scene: Mines - Number: 5
Round: 1
Completion Time: 69.06673
Errors: 8
-----------------------------------------
-----------------------------------------
Round: 2
Completion Time: 42.84386
Errors: 8
-----------------------------------------
-----------------------------------------
-----------------------------------------
Scene: Decorator - Number: 5
0.4163891
0.01184642
0.06779134
0.120005
0.05921125
Round: 1
Completion Time: 155.7889
Accuracy: 0.4163891, 0.01184642, 0.06779134, 0.120005, 0.05921125 ListAVG: 0.1350486
-----------------------------------------
0.6635159
0.2150506
0.226149
0.05120933
0.1311064
Round: 2
Completion Time: 183.46
Accuracy: 0.4163891, 0.01184642, 0.06779134, 0.120005, 0.05921125, 0.6635159, 0.2150506, 0.226149, 0.05120933, 0.1311064 ListAVG: 0.1962274
-----------------------------------------
-----------------------------------------
Scene: Decorator - Number: 5
-----------------------------------------
Scene: Mines - Number: 5
Round: 1
Completion Time: 80.99529
Errors: 2
-----------------------------------------
-----------------------------------------
Round: 2
Completion Time: 74.67668
Errors: 3
-----------------------------------------
-----------------------------------------
-----------------------------------------
Scene: Decorator - Number: 5
0.06943941
0.009188056
0.02886951
0.02553165
0.5329847
Round: 1
Completion Time: 168.1533
Accuracy: 0.06943941, 0.009188056, 0.02886951, 0.02553165, 0.5329847 ListAVG: 0.1332027
-----------------------------------------
0.1024783
0.01043677
0.02366304
0.2234161
0.01140237
Round: 2
Completion Time: 171.34
Accuracy: 0.06943941, 0.009188056, 0.02886951, 0.02553165, 0.5329847, 0.1024783, 0.01043677, 0.02366304, 0.2234161, 0.01140237 ListAVG: 0.103741
-----------------------------------------
-----------------------------------------
Scene: Decorator - Number: 5
