-----------------------------------------
Scene: Mines - Number: 5
Round: 1
Completion Time: 130.1672
Errors: 7
-----------------------------------------
-----------------------------------------
Round: 2
Completion Time: 47.26965
Errors: 7
-----------------------------------------
-----------------------------------------
-----------------------------------------
Scene: Decorator - Number: 5
0.05978644
0.2015263
0.1753181
0.2149314
0.04115701
Round: 1
Completion Time: 289.996
Accuracy: 0.05978644, 0.2015263, 0.1753181, 0.2149314, 0.04115701 ListAVG: 0.1385438
-----------------------------------------
0.09025037
0.09483993
0.04470944
0.1428097
0.0592947
Round: 2
Completion Time: 187.64
Accuracy: 0.05978644, 0.2015263, 0.1753181, 0.2149314, 0.04115701, 0.09025037, 0.09483993, 0.04470944, 0.1428097, 0.0592947 ListAVG: 0.1124623
-----------------------------------------
-----------------------------------------
Scene: Decorator - Number: 5
-----------------------------------------
Scene: Mines - Number: 5
-----------------------------------------
Scene: Mines - Number: 5
Round: 1
Completion Time: 92.28679
Errors: 4
-----------------------------------------
-----------------------------------------
Round: 2
Completion Time: 79.84419
Errors: 4
-----------------------------------------
-----------------------------------------
-----------------------------------------
Scene: Decorator - Number: 5
0.04195273
0.004804134
0.5757511
0.1106709
0.192216
Round: 1
Completion Time: 188.008
Accuracy: 0.04195273, 0.004804134, 0.5757511, 0.1106709, 0.192216 ListAVG: 0.185079
-----------------------------------------
0.09559095
0.1352519
0.197053
0.1195133
0.02996027
Round: 2
Completion Time: 122.46
Accuracy: 0.04195273, 0.004804134, 0.5757511, 0.1106709, 0.192216, 0.09559095, 0.1352519, 0.197053, 0.1195133, 0.02996027 ListAVG: 0.1502764
-----------------------------------------
-----------------------------------------
Scene: Decorator - Number: 5
Scene: Mines - Number: 5
-----------------------------------------
Round: 1
Completion Time: 42.96996
Errors: 0
-----------------------------------------
-----------------------------------------
Round: 2
Completion Time: 64.75082
Errors: 0
-----------------------------------------
-----------------------------------------
-----------------------------------------
Scene: Decorator - Number: 5
0.7760018
0.0380218
0.09130239
0.03916621
0.1451373
Round: 1
Completion Time: 188.1007
Accuracy: 0.7760018, 0.0380218, 0.09130239, 0.03916621, 0.1451373 ListAVG: 0.2179259
-----------------------------------------
0.205195
0.1645923
0.1257271
0.06531477
0.8706212
Round: 2
Completion Time: 119.6
Accuracy: 0.7760018, 0.0380218, 0.09130239, 0.03916621, 0.1451373, 0.205195, 0.1645923, 0.1257271, 0.06531477, 0.8706212 ListAVG: 0.252108
-----------------------------------------
-----------------------------------------
Scene: Decorator - Number: 5
