-----------------------------------------
Scene: Mines - Number: 5
Round: 1
Completion Time: 259.1119
Errors: 30
-----------------------------------------
-----------------------------------------
Round: 2
Completion Time: 135.1647
Errors: 46
-----------------------------------------
-----------------------------------------
-----------------------------------------
Scene: Decorator - Number: 5
0.4741013
0.4449576
0.0004708767
0.003749132
0.01984835
Round: 1
Completion Time: 231.6977
Accuracy: 0.4741013, 0.4449576, 0.0004708767, 0.003749132, 0.01984835 ListAVG: 0.1886255
-----------------------------------------
0.006833673
0.04530549
0.09643734
0.3211677
0.05517304
Round: 2
Completion Time: 176.84
Accuracy: 0.4741013, 0.4449576, 0.0004708767, 0.003749132, 0.01984835, 0.006833673, 0.04530549, 0.09643734, 0.3211677, 0.05517304 ListAVG: 0.1468045
-----------------------------------------
-----------------------------------------
Scene: Decorator - Number: 5
-----------------------------------------
Scene: Mines - Number: 5
Round: 1
Completion Time: 83.29269
Errors: 4
-----------------------------------------
-----------------------------------------
Round: 2
Completion Time: 50.24316
Errors: 7
-----------------------------------------
-----------------------------------------
-----------------------------------------
Scene: Decorator - Number: 5
0.6067723
0.05935729
0.1036078
0.2813339
0.5362391
Round: 1
Completion Time: 236.4322
Accuracy: 0.6067723, 0.05935729, 0.1036078, 0.2813339, 0.5362391 ListAVG: 0.3174621
-----------------------------------------
0.373435
0.02879798
0.2464265
0.3611922
0.1259446
-----------------------------------------
Round: 2
Completion Time: 167.94
Accuracy: 0.6067723, 0.05935729, 0.1036078, 0.2813339, 0.5362391, 0.373435, 0.02879798, 0.2464265, 0.3611922, 0.1259446 ListAVG: 0.2723107
-----------------------------------------
Scene: Decorator - Number: 5
-----------------------------------------
Scene: Mines - Number: 5
Round: 1
Completion Time: 48.16328
Errors: 1
-----------------------------------------
-----------------------------------------
Round: 2
Completion Time: 37.37808
Errors: 3
-----------------------------------------
-----------------------------------------
-----------------------------------------
Scene: Decorator - Number: 5
0.04118383
0.09780526
0.07104576
0.002482533
0.04718304
Round: 1
Completion Time: 136.627
Accuracy: 0.04118383, 0.09780526, 0.07104576, 0.002482533, 0.04718304 ListAVG: 0.05194008
-----------------------------------------
0.4210949
0.2636701
0.2277166
0.4045993
0.627929
Round: 2
Completion Time: 186.62
Accuracy: 0.04118383, 0.09780526, 0.07104576, 0.002482533, 0.04718304, 0.4210949, 0.2636701, 0.2277166, 0.4045993, 0.627929 ListAVG: 0.220471
-----------------------------------------
-----------------------------------------
Scene: Decorator - Number: 5
