-----------------------------------------
Scene: Mines - Number: 5
-----------------------------------------
Round: 1
Completion Time: 150.13
Errors: 41
-----------------------------------------
Round: 2
Completion Time: 82.93231
Errors: 65
-----------------------------------------
-----------------------------------------
-----------------------------------------
Scene: Decorator - Number: 5
0.04756749
0.08357763
0.04950166
0.1205206
0.01446009
Round: 1
Completion Time: 412.731
Accuracy: 0.04756749, 0.08357763, 0.04950166, 0.1205206, 0.01446009 ListAVG: 0.06312549
-----------------------------------------
0.1302212
0.04923046
0.01823306
0.07879138
0.7030427
Round: 2
Completion Time: 168.32
Accuracy: 0.04756749, 0.08357763, 0.04950166, 0.1205206, 0.01446009, 0.1302212, 0.04923046, 0.01823306, 0.07879138, 0.7030427 ListAVG: 0.1295146
-----------------------------------------
-----------------------------------------
Scene: Decorator - Number: 5
-----------------------------------------
Scene: Mines - Number: 5
Round: 1
Completion Time: 68.57458
Errors: 0
-----------------------------------------
-----------------------------------------
Round: 2
Completion Time: 51.72144
Errors: 0
-----------------------------------------
-----------------------------------------
-----------------------------------------
Scene: Decorator - Number: 5
0.003704429
0.03131032
0.0502944
0.09484291
0.05090237
Round: 1
Completion Time: 184.8202
Accuracy: 0.003704429, 0.03131032, 0.0502944, 0.09484291, 0.05090237 ListAVG: 0.04621089
-----------------------------------------
0.06138682
0.03316402
0.08159578
0.1392812
0.1016974
Round: 2
Completion Time: 174.44
Accuracy: 0.003704429, 0.03131032, 0.0502944, 0.09484291, 0.05090237, 0.06138682, 0.03316402, 0.08159578, 0.1392812, 0.1016974 ListAVG: 0.06481797
-----------------------------------------
-----------------------------------------
Scene: Decorator - Number: 5
-----------------------------------------
Scene: Mines - Number: 5
-----------------------------------------
Scene: Mines - Number: 5
Round: 1
Completion Time: 45.31038
Errors: 4
-----------------------------------------
-----------------------------------------
Round: 2
Completion Time: 44.55048
Errors: 4
-----------------------------------------
-----------------------------------------
-----------------------------------------
Scene: Decorator - Number: 5
0.9208202
0.2282441
0.05235374
0.1816034
0.1538157
Round: 1
Completion Time: 155.705
Accuracy: 0.9208202, 0.2282441, 0.05235374, 0.1816034, 0.1538157 ListAVG: 0.3073674
-----------------------------------------
0.08996427
0.2108783
0.2223283
0.1870662
0.2767712
Round: 2
Completion Time: 127.9
Accuracy: 0.9208202, 0.2282441, 0.05235374, 0.1816034, 0.1538157, 0.08996427, 0.2108783, 0.2223283, 0.1870662, 0.2767712 ListAVG: 0.2523845
-----------------------------------------
-----------------------------------------
Scene: Decorator - Number: 5
