-----------------------------------------
Scene: Mines - Number: 5
Round: 1
Completion Time: 124.4736
Errors: 38
-----------------------------------------
-----------------------------------------
Round: 2
Completion Time: 108.3544
Errors: 69
-----------------------------------------
-----------------------------------------
-----------------------------------------
Scene: Decorator - Number: 5
94.58131
0.09829998
0.06724298
0.01445115
0.07595718
Round: 1
Completion Time: 234.5744
Accuracy: 94.58131, 0.09829998, 0.06724298, 0.01445115, 0.07595718 ListAVG: 18.96745
-----------------------------------------
0.08632541
0.006347895
0.07079542
0.03429055
0.0541985
Round: 2
Completion Time: 152.18
Accuracy: 94.58131, 0.09829998, 0.06724298, 0.01445115, 0.07595718, 0.08632541, 0.006347895, 0.07079542, 0.03429055, 0.0541985 ListAVG: 9.508922
-----------------------------------------
-----------------------------------------
Scene: Decorator - Number: 5
-----------------------------------------
Scene: Mines - Number: 5
Round: 1
Completion Time: 280.9103
Errors: 44
-----------------------------------------
-----------------------------------------
Round: 2
Completion Time: 85.20999
Errors: 46
-----------------------------------------
-----------------------------------------
-----------------------------------------
Scene: Decorator - Number: 5
0.09295344
0.08955896
0.1088828
0.006753206
0.08577704
-----------------------------------------
Round: 1
Completion Time: 178.3607
Accuracy: 0.09295344, 0.08955896, 0.1088828, 0.006753206, 0.08577704 ListAVG: 0.07678509
0.009191036
0.04724562
0.01388788
0.1600653
0.001725554
Round: 2
Completion Time: 200.26
Accuracy: 0.09295344, 0.08955896, 0.1088828, 0.006753206, 0.08577704, 0.009191036, 0.04724562, 0.01388788, 0.1600653, 0.001725554 ListAVG: 0.06160408
-----------------------------------------
-----------------------------------------
Scene: Decorator - Number: 5
Scene: Mines - Number: 5
-----------------------------------------
Round: 1
Completion Time: 108.4719
Errors: 6
-----------------------------------------
-----------------------------------------
Round: 2
Completion Time: 56.3632
Errors: 6
-----------------------------------------
-----------------------------------------
-----------------------------------------
Scene: Decorator - Number: 5
0.01273453
0.03177226
1.142547
0.05388558
0.1485944
Round: 1
Completion Time: 137.3556
Accuracy: 0.01273453, 0.03177226, 1.142547, 0.05388558, 0.1485944 ListAVG: 0.2779067
-----------------------------------------
0.0338167
0.01949966
0.0299722
0.009408593
0.09551644
Round: 2
Completion Time: 148.7
Accuracy: 0.01273453, 0.03177226, 1.142547, 0.05388558, 0.1485944, 0.0338167, 0.01949966, 0.0299722, 0.009408593, 0.09551644 ListAVG: 0.1577747

