-----------------------------------------
Scene: Mines - Number: 5
-----------------------------------------
Scene: Mines - Number: 5
Round: 1
Completion Time: 175.5252
Errors: 10
-----------------------------------------
-----------------------------------------
Round: 2
Completion Time: 84.25296
Errors: 12
-----------------------------------------
-----------------------------------------
-----------------------------------------
Scene: Decorator - Number: 5
0.645116
0.7414848
0.04833639
0.2058089
0.4140347
Round: 1
Completion Time: 286.2116
Accuracy: 0.645116, 0.7414848, 0.04833639, 0.2058089, 0.4140347 ListAVG: 0.4109561
-----------------------------------------
0.1057535
0.006848574
0.4070222
0.7248104
1.491502
Round: 2
Completion Time: 197.74
Accuracy: 0.645116, 0.7414848, 0.04833639, 0.2058089, 0.4140347, 0.1057535, 0.006848574, 0.4070222, 0.7248104, 1.491502 ListAVG: 0.4790717
-----------------------------------------
-----------------------------------------
Scene: Decorator - Number: 5
-----------------------------------------
Scene: Mines - Number: 5
Round: 1
Completion Time: 131.3466
Errors: 10
-----------------------------------------
-----------------------------------------
Round: 2
Completion Time: 53.58325
Errors: 14
-----------------------------------------
-----------------------------------------
-----------------------------------------
Scene: Decorator - Number: 5
0.9578496
0.8129507
0.07215738
0.1418859
0.2832234
Round: 1
Completion Time: 181.2223
Accuracy: 0.9578496, 0.8129507, 0.07215738, 0.1418859, 0.2832234 ListAVG: 0.4536134
-----------------------------------------
0.1717627
0.07491112
0.3799826
0.09426475
0.05336106
Round: 2
Completion Time: 192.08
Accuracy: 0.9578496, 0.8129507, 0.07215738, 0.1418859, 0.2832234, 0.1717627, 0.07491112, 0.3799826, 0.09426475, 0.05336106 ListAVG: 0.3042349
-----------------------------------------
-----------------------------------------
Scene: Decorator - Number: 5
-----------------------------------------
Scene: Mines - Number: 5
Round: 1
Completion Time: 69.0733
Errors: 0
-----------------------------------------
-----------------------------------------
Round: 2
Completion Time: 46.60678
Errors: 1
-----------------------------------------
-----------------------------------------
-----------------------------------------
Scene: Decorator - Number: 5
0.4119784
0.05832911
0.1182109
0.2856463
0.1429975
Round: 1
Completion Time: 155.7893
Accuracy: 0.4119784, 0.05832911, 0.1182109, 0.2856463, 0.1429975 ListAVG: 0.2034324
-----------------------------------------
0.4933387
0.01453757
0.1432389
0.212279
0.5184561
Round: 2
Completion Time: 149.84
Accuracy: 0.4119784, 0.05832911, 0.1182109, 0.2856463, 0.1429975, 0.4933387, 0.01453757, 0.1432389, 0.212279, 0.5184561 ListAVG: 0.2399013
-----------------------------------------
-----------------------------------------
Scene: Decorator - Number: 5
