-----------------------------------------
Scene: Mines - Number: 5
Round: 1
Completion Time: 366.5051
Errors: 99
-----------------------------------------
-----------------------------------------
-----------------------------------------
-----------------------------------------
Round: 2
Completion Time: 89.46799
Errors: 120
-----------------------------------------
Scene: Decorator - Number: 5
0.224936
0.8832753
0.1273751
0.155741
0.1276255
Round: 1
Completion Time: 300.4235
Accuracy: 0.224936, 0.8832753, 0.1273751, 0.155741, 0.1276255 ListAVG: 0.3037906
-----------------------------------------
0.03776848
14.7162
0.3951907
0.8545309
0.7672846
Round: 2
Completion Time: 161.66
Accuracy: 0.224936, 0.8832753, 0.1273751, 0.155741, 0.1276255, 0.03776848, 14.7162, 0.3951907, 0.8545309, 0.7672846 ListAVG: 1.828993
-----------------------------------------
-----------------------------------------
Scene: Decorator - Number: 5
-----------------------------------------
Scene: Mines - Number: 5
-----------------------------------------
Round: 1
Completion Time: 113.465
Errors: 1
-----------------------------------------
Round: 2
Completion Time: 72.14243
Errors: 1
-----------------------------------------
-----------------------------------------
-----------------------------------------
Scene: Decorator - Number: 5
0.04238784
0.000500679
0.2939135
0.2752066
0.4592955
Round: 1
Completion Time: 167.6898
Accuracy: 0.04238784, 0.000500679, 0.2939135, 0.2752066, 0.4592955 ListAVG: 0.2142608
-----------------------------------------
0.4700989
0.4709691
0.2643138
0.8859336
2.74933
Round: 2
Completion Time: 156.74
Accuracy: 0.04238784, 0.000500679, 0.2939135, 0.2752066, 0.4592955, 0.4700989, 0.4709691, 0.2643138, 0.8859336, 2.74933 ListAVG: 0.591195
-----------------------------------------
-----------------------------------------
Scene: Decorator - Number: 5
-----------------------------------------
Scene: Mines - Number: 5
Round: 1
Completion Time: 80.83176
Errors: 1
-----------------------------------------
-----------------------------------------
Round: 2
Completion Time: 47.44197
Errors: 3
-----------------------------------------
-----------------------------------------
-----------------------------------------
Scene: Decorator - Number: 5
0.05480647
1.004431
0.4252046
0.1416951
0.006598234
Round: 1
Completion Time: 184.1158
Accuracy: 0.05480647, 1.004431, 0.4252046, 0.1416951, 0.006598234 ListAVG: 0.3265471
-----------------------------------------
0.3867626
1.908731
0.3549874
0.3392637
0.4377186
Round: 2
Completion Time: 151.32
Accuracy: 0.05480647, 1.004431, 0.4252046, 0.1416951, 0.006598234, 0.3867626, 1.908731, 0.3549874, 0.3392637, 0.4377186 ListAVG: 0.5060199
-----------------------------------------
Scene: Decorator - Number: 5
-----------------------------------------
