-----------------------------------------
Scene: Mines - Number: 5
Round: 1
Completion Time: 148.3205
Errors: 8
-----------------------------------------
-----------------------------------------
Round: 2
Completion Time: 95.7204
Errors: 15
-----------------------------------------
-----------------------------------------
-----------------------------------------
Scene: Decorator - Number: 5
0.001844764
0.3026187
0.01537502
0.1580149
75.19219
Round: 1
Completion Time: 227.4313
Accuracy: 0.001844764, 0.3026187, 0.01537502, 0.1580149, 75.19219 ListAVG: 15.13401
-----------------------------------------
0.05746186
0.1114458
0.02200902
0.2013266
0.02109408
Round: 2
Completion Time: 181.34
Accuracy: 0.001844764, 0.3026187, 0.01537502, 0.1580149, 75.19219, 0.05746186, 0.1114458, 0.02200902, 0.2013266, 0.02109408 ListAVG: 7.608338
-----------------------------------------
-----------------------------------------
Scene: Decorator - Number: 5
-----------------------------------------
Scene: Mines - Number: 5
Round: 1
Completion Time: 48.39188
Errors: 2
-----------------------------------------
-----------------------------------------
Round: 2
Completion Time: 74.03891
Errors: 2
-----------------------------------------
-----------------------------------------
-----------------------------------------
Scene: Decorator - Number: 5
37.05075
0.01062155
0.06081164
0.001695752
0.03204942
Round: 1
Completion Time: 160.8485
Accuracy: 37.05075, 0.01062155, 0.06081164, 0.001695752, 0.03204942 ListAVG: 7.431186
-----------------------------------------
0.1516908
0.04735887
0.007617474
0.09347796
0.01412034
Round: 2
Completion Time: 131.66
Accuracy: 37.05075, 0.01062155, 0.06081164, 0.001695752, 0.03204942, 0.1516908, 0.04735887, 0.007617474, 0.09347796, 0.01412034 ListAVG: 3.74702
-----------------------------------------
-----------------------------------------
Scene: Decorator - Number: 5
-----------------------------------------
Scene: Mines - Number: 5
Round: 1
Completion Time: 73.19913
Errors: 3
-----------------------------------------
-----------------------------------------
Round: 2
Completion Time: 38.84568
Errors: 3
-----------------------------------------
-----------------------------------------
-----------------------------------------
Scene: Decorator - Number: 5
0.2970904
0.08963048
0.1817495
0.02808869
0.03582835
Round: 1
Completion Time: 195.1184
Accuracy: 0.2970904, 0.08963048, 0.1817495, 0.02808869, 0.03582835 ListAVG: 0.1264775
-----------------------------------------
0.03704727
0.01318157
0.07396638
0.04230738
0.0933677
Round: 2
Completion Time: 199.58
Accuracy: 0.2970904, 0.08963048, 0.1817495, 0.02808869, 0.03582835, 0.03704727, 0.01318157, 0.07396638, 0.04230738, 0.0933677 ListAVG: 0.08922577
-----------------------------------------
-----------------------------------------
Scene: Decorator - Number: 5
