Scene: Mines - Number: 5
-----------------------------------------
Round: 1
Completion Time: 186.3167
Errors: 34
-----------------------------------------
-----------------------------------------
-----------------------------------------
-----------------------------------------
Round: 2
Completion Time: 79.32944
Errors: 43
-----------------------------------------
Scene: Decorator - Number: 5
0.1920015
127.4232
0.1412123
0.2154291
0.1075357
Round: 1
Completion Time: 265.1951
Accuracy: 0.1920015, 127.4232, 0.1412123, 0.2154291, 0.1075357 ListAVG: 25.61588
-----------------------------------------
0.009739399
0.3179818
0.1177222
0.1648366
0.3926188
Round: 2
Completion Time: 314.28
Accuracy: 0.1920015, 127.4232, 0.1412123, 0.2154291, 0.1075357, 0.009739399, 0.3179818, 0.1177222, 0.1648366, 0.3926188 ListAVG: 12.90823
-----------------------------------------
-----------------------------------------
Scene: Decorator - Number: 5
-----------------------------------------
Scene: Mines - Number: 5
Round: 1
Completion Time: 58.7231
Errors: 1
-----------------------------------------
-----------------------------------------
Round: 2
Completion Time: 43.70177
Errors: 1
-----------------------------------------
-----------------------------------------
-----------------------------------------
Scene: Decorator - Number: 5
0.02731085
0.1335382
0.3947467
0.1490742
0.1286238
Round: 1
Completion Time: 211.5346
Accuracy: 0.02731085, 0.1335382, 0.3947467, 0.1490742, 0.1286238 ListAVG: 0.1666587
-----------------------------------------
0.1080632
0.03029108
0.395453
0.06049573
0.07929504
Round: 2
Completion Time: 128.68
Accuracy: 0.02731085, 0.1335382, 0.3947467, 0.1490742, 0.1286238, 0.1080632, 0.03029108, 0.395453, 0.06049573, 0.07929504 ListAVG: 0.1506892
-----------------------------------------
-----------------------------------------
Scene: Decorator - Number: 5
-----------------------------------------
Scene: Mines - Number: 5
Round: 1
Completion Time: 101.2468
Errors: 33
-----------------------------------------
-----------------------------------------
Round: 2
Completion Time: 73.18658
Errors: 47
-----------------------------------------
-----------------------------------------
-----------------------------------------
Scene: Decorator - Number: 5
0.1906753
0.1776874
0.1561046
0.1478791
0.34917
Round: 1
Completion Time: 134.5075
Accuracy: 0.1906753, 0.1776874, 0.1561046, 0.1478791, 0.34917 ListAVG: 0.2043033
-----------------------------------------
0.07641017
0.1335293
0.05688667
0.2340645
0.03215075
Round: 2
Completion Time: 134.28
Accuracy: 0.1906753, 0.1776874, 0.1561046, 0.1478791, 0.34917, 0.07641017, 0.1335293, 0.05688667, 0.2340645, 0.03215075 ListAVG: 0.1554558
-----------------------------------------
-----------------------------------------
Scene: Decorator - Number: 5
