-----------------------------------------
Scene: Mines - Number: 5
-----------------------------------------
Scene: Mines - Number: 5
Round: 1
Completion Time: 172.5201
Errors: 17
-----------------------------------------
-----------------------------------------
Round: 2
Completion Time: 87.49947
Errors: 21
-----------------------------------------
-----------------------------------------
-----------------------------------------
Scene: Decorator - Number: 5
90.8309
2.084604
1.130769
0.8339435
0.08309782
Round: 1
Completion Time: 288.0164
Accuracy: 90.8309, 2.084604, 1.130769, 0.8339435, 0.08309782 ListAVG: 18.99266
-----------------------------------------
0.1345426
0.2173066
0.0479579
0.0436455
0.006073713
Round: 2
Completion Time: 150.78
Accuracy: 90.8309, 2.084604, 1.130769, 0.8339435, 0.08309782, 0.1345426, 0.2173066, 0.0479579, 0.0436455, 0.006073713 ListAVG: 9.541285
-----------------------------------------
Scene: Decorator - Number: 5
-----------------------------------------
-----------------------------------------
Scene: Mines - Number: 5
Round: 1
Completion Time: 116.7493
Errors: 26
-----------------------------------------
-----------------------------------------
Round: 2
Completion Time: 116.3778
Errors: 32
-----------------------------------------
-----------------------------------------
-----------------------------------------
Scene: Decorator - Number: 5
0.216347
0.06168485
0.08900166
0.1540571
0.3542393
Round: 1
Completion Time: 344.4908
Accuracy: 0.216347, 0.06168485, 0.08900166, 0.1540571, 0.3542393 ListAVG: 0.175066
-----------------------------------------
0.1446724
1.034653
0.1005381
0.2385199
0.01398325
Round: 2
Completion Time: 193.3599
Accuracy: 0.216347, 0.06168485, 0.08900166, 0.1540571, 0.3542393, 0.1446724, 1.034653, 0.1005381, 0.2385199, 0.01398325 ListAVG: 0.2407697
-----------------------------------------
Scene: Decorator - Number: 5
-----------------------------------------
-----------------------------------------
Scene: Mines - Number: 5
Round: 1
Completion Time: 77.5213
Errors: 0
-----------------------------------------
-----------------------------------------
-----------------------------------------
Round: 2
Completion Time: 55.97948
Errors: 3
-----------------------------------------
-----------------------------------------
Scene: Decorator - Number: 5
0.09215474
0.2143085
0.6796271
0.09907186
0.1660764
Round: 1
Completion Time: 196.9434
Accuracy: 0.09215474, 0.2143085, 0.6796271, 0.09907186, 0.1660764 ListAVG: 0.2502477
-----------------------------------------
0.5295962
0.05426407
0.06877184
0.01726151
0.1266241
Round: 2
Completion Time: 166.56
Accuracy: 0.09215474, 0.2143085, 0.6796271, 0.09907186, 0.1660764, 0.5295962, 0.05426407, 0.06877184, 0.01726151, 0.1266241 ListAVG: 0.2047756
-----------------------------------------
Scene: Decorator - Number: 5
-----------------------------------------
