Scene: Mines - Number: 5
-----------------------------------------
-----------------------------------------
Scene: Mines - Number: 5
Round: 1
Completion Time: 83.26781
Errors: 3
-----------------------------------------
-----------------------------------------
Round: 2
Completion Time: 88.12364
Errors: 7
-----------------------------------------
-----------------------------------------
-----------------------------------------
Scene: Decorator - Number: 5
0.391227
0.07170737
0.5006284
0.2073109
0.02116263
Round: 1
Completion Time: 243.3031
Accuracy: 0.391227, 0.07170737, 0.5006284, 0.2073109, 0.02116263 ListAVG: 0.2384073
-----------------------------------------
0.1151949
0.001090765
0.2124608
0.01280308
0.07401705
Round: 2
Completion Time: 150.5
Accuracy: 0.391227, 0.07170737, 0.5006284, 0.2073109, 0.02116263, 0.1151949, 0.001090765, 0.2124608, 0.01280308, 0.07401705 ListAVG: 0.1607603
-----------------------------------------
-----------------------------------------
Scene: Decorator - Number: 5
-----------------------------------------
Scene: Mines - Number: 5
Round: 1
Completion Time: 72.03131
Errors: 0
-----------------------------------------
-----------------------------------------
Round: 2
Completion Time: 49.12958
Errors: 0
-----------------------------------------
-----------------------------------------
-----------------------------------------
Scene: Decorator - Number: 5
0.2065271
0.05519688
0.3606349
0.1371294
0.01033843
Round: 1
Completion Time: 164.2814
Accuracy: 0.2065271, 0.05519688, 0.3606349, 0.1371294, 0.01033843 ListAVG: 0.1539654
-----------------------------------------
0.0639081
0.1054943
12.54874
0.1191348
0.0816673
Round: 2
Completion Time: 138.4
Accuracy: 0.2065271, 0.05519688, 0.3606349, 0.1371294, 0.01033843, 0.0639081, 0.1054943, 12.54874, 0.1191348, 0.0816673 ListAVG: 1.368877
-----------------------------------------
-----------------------------------------
Scene: Decorator - Number: 5
-----------------------------------------
Scene: Mines - Number: 5
-----------------------------------------
Round: 1
Completion Time: 73.03525
Errors: 0
-----------------------------------------
Round: 2
Completion Time: 75.52075
Errors: 1
-----------------------------------------
-----------------------------------------
-----------------------------------------
Scene: Decorator - Number: 5
0.04923344
0.08318126
0.02368093
0.3989041
0.01651943
Round: 1
Completion Time: 179.8187
Accuracy: 0.04923344, 0.08318126, 0.02368093, 0.3989041, 0.01651943 ListAVG: 0.1143038
-----------------------------------------
0.01819134
0.1575351
0.3125519
0.04315376
0.04346371
Round: 2
Completion Time: 147.48
Accuracy: 0.04923344, 0.08318126, 0.02368093, 0.3989041, 0.01651943, 0.01819134, 0.1575351, 0.3125519, 0.04315376, 0.04346371 ListAVG: 0.1146415
-----------------------------------------
-----------------------------------------
Scene: Decorator - Number: 5
