Scene: Mines - Number: 5
-----------------------------------------
Round: 1
Completion Time: 181.5546
Errors: 6
-----------------------------------------
-----------------------------------------
Round: 2
Completion Time: 132.9381
Errors: 7
-----------------------------------------
-----------------------------------------
-----------------------------------------
Scene: Decorator - Number: 5
0.1162708
0.5519569
56.56605
0.2477944
0.1478821
Round: 1
Completion Time: 455.1685
Accuracy: 0.1162708, 0.5519569, 56.56605, 0.2477944, 0.1478821 ListAVG: 11.52599
-----------------------------------------
0.4684955
0.1921088
0.1621872
0.1531482
0.271678
Round: 2
Completion Time: 162.62
Accuracy: 0.1162708, 0.5519569, 56.56605, 0.2477944, 0.1478821, 0.4684955, 0.1921088, 0.1621872, 0.1531482, 0.271678 ListAVG: 5.887757
-----------------------------------------
-----------------------------------------
Scene: Decorator - Number: 5
-----------------------------------------
Scene: Mines - Number: 5
Round: 1
Completion Time: 79.47552
Errors: 1
-----------------------------------------
-----------------------------------------
Round: 2
Completion Time: 80.81885
Errors: 1
-----------------------------------------
-----------------------------------------
-----------------------------------------
Scene: Decorator - Number: 5
0.09548664
0.004673004
0.05576015
75.44756
0.3258258
Round: 1
Completion Time: 128.8368
Accuracy: 0.09548664, 0.004673004, 0.05576015, 75.44756, 0.3258258 ListAVG: 15.18586
-----------------------------------------
0.2007097
0.006330013
0.003939867
0.1297802
0.04706979
Round: 2
Completion Time: 151.1
Accuracy: 0.09548664, 0.004673004, 0.05576015, 75.44756, 0.3258258, 0.2007097, 0.006330013, 0.003939867, 0.1297802, 0.04706979 ListAVG: 7.631715
-----------------------------------------
-----------------------------------------
Scene: Decorator - Number: 5
-----------------------------------------
Scene: Mines - Number: 5
Round: 1
Completion Time: 95.87746
Errors: 3
-----------------------------------------
-----------------------------------------
Round: 2
Completion Time: 167.2664
Errors: 4
-----------------------------------------
-----------------------------------------
-----------------------------------------
Scene: Decorator - Number: 5
0.2821863
0.4868567
0.01475811
0.08868575
0.03429949
Round: 1
Completion Time: 140.9343
Accuracy: 0.2821863, 0.4868567, 0.01475811, 0.08868575, 0.03429949 ListAVG: 0.1813573
-----------------------------------------
0.2076894
0.1569569
0.5312383
0.07643402
0.4364848
Round: 2
Completion Time: 140.28
Accuracy: 0.2821863, 0.4868567, 0.01475811, 0.08868575, 0.03429949, 0.2076894, 0.1569569, 0.5312383, 0.07643402, 0.4364848 ListAVG: 0.231559
-----------------------------------------
-----------------------------------------
Scene: Decorator - Number: 5
