
-----------------------------------------
Scene: Decorator - Number: 5
-----------------------------------------
Scene: Mines - Number: 5
Round: 1
Completion Time: 126.1411
Errors: 30
-----------------------------------------
-----------------------------------------
Round: 2
Completion Time: 106.5699
Errors: 37
-----------------------------------------
-----------------------------------------

-----------------------------------------
Scene: Decorator - Number: 5
84.56076
95.1863
0.06238222
0.01500547
0.02255738
Round: 1
Completion Time: 186.3126
Accuracy: 84.56076, 95.1863, 0.06238222, 0.01500547, 0.02255738 ListAVG: 35.9694
-----------------------------------------
0.0004738569
0.01474917
0.0259459
0.06358624
0.04711449
Round: 2
Completion Time: 197.4
Accuracy: 84.56076, 95.1863, 0.06238222, 0.01500547, 0.02255738, 0.0004738569, 0.01474917, 0.0259459, 0.06358624, 0.04711449 ListAVG: 17.99989
-----------------------------------------
-----------------------------------------
Scene: Decorator - Number: 5
-----------------------------------------
Scene: Mines - Number: 5
Round: 1
Completion Time: 31.12317
Errors: 0
-----------------------------------------
-----------------------------------------
Round: 2
Completion Time: 32.11485
Errors: 0
-----------------------------------------
-----------------------------------------
-----------------------------------------
Scene: Decorator - Number: 5
0.156185
0.1166463
0.01827478
0.06843209
0.01903772
Round: 1
Completion Time: 129.6953
Accuracy: 0.156185, 0.1166463, 0.01827478, 0.06843209, 0.01903772 ListAVG: 0.07571518
-----------------------------------------
0.0008076429
0.01553893
57.22803
0.04991889
0.0510186
Round: 2
Completion Time: 149.02
Accuracy: 0.156185, 0.1166463, 0.01827478, 0.06843209, 0.01903772, 0.0008076429, 0.01553893, 57.22803, 0.04991889, 0.0510186 ListAVG: 5.772389
-----------------------------------------
-----------------------------------------
Scene: Decorator - Number: 5
-----------------------------------------
Scene: Mines - Number: 5
Round: 1
Completion Time: 66.1218
Errors: 2
-----------------------------------------
-----------------------------------------
Round: 2
Completion Time: 63.38702
Errors: 2
-----------------------------------------
-----------------------------------------
-----------------------------------------
Scene: Decorator - Number: 5
0.07634759
0.04541874
0.08192956
0.02126098
0.1170993
Round: 1
Completion Time: 134.1202
Accuracy: 0.07634759, 0.04541874, 0.08192956, 0.02126098, 0.1170993 ListAVG: 0.06841123
-----------------------------------------
0.01553595
0.1115143
0.03322661
0.19373
0.01921058
Round: 2
Completion Time: 125.9
Accuracy: 0.07634759, 0.04541874, 0.08192956, 0.02126098, 0.1170993, 0.01553595, 0.1115143, 0.03322661, 0.19373, 0.01921058 ListAVG: 0.07152736
-----------------------------------------
-----------------------------------------
Scene: Decorator - Number: 5
