-----------------------------------------
Scene: Mines - Number: 5
Round: 1
Completion Time: 249.4647
Errors: 58
-----------------------------------------
-----------------------------------------
Round: 2
Completion Time: 98.62082
Errors: 65
-----------------------------------------
-----------------------------------------
-----------------------------------------
Scene: Decorator - Number: 5
0.1070112
0.2178878
0.07632077
0.2526432
0.1201928
Round: 1
Completion Time: 250.3586
Accuracy: 0.1070112, 0.2178878, 0.07632077, 0.2526432, 0.1201928 ListAVG: 0.1548112
-----------------------------------------
0.388512
0.1660049
0.001251698
0.03696382
0.07475317
Round: 2
Completion Time: 139.74
Accuracy: 0.1070112, 0.2178878, 0.07632077, 0.2526432, 0.1201928, 0.388512, 0.1660049, 0.001251698, 0.03696382, 0.07475317 ListAVG: 0.1441541
-----------------------------------------
-----------------------------------------
Scene: Decorator - Number: 5
-----------------------------------------
Scene: Mines - Number: 5
Round: 1
Completion Time: 38.00092
Errors: 0
-----------------------------------------
-----------------------------------------
Round: 2
Completion Time: 45.27097
Errors: 0
-----------------------------------------
-----------------------------------------
-----------------------------------------
Scene: Decorator - Number: 5
0.08462369
0.09535849
1.300052
0.01143515
0.2030432
Round: 1
Completion Time: 154.7738
Accuracy: 0.08462369, 0.09535849, 1.300052, 0.01143515, 0.2030432 ListAVG: 0.3389025
-----------------------------------------
0.02228916
0.1387745
0.02993047
0.2428263
0.02388656
Round: 2
Completion Time: 125.44
Accuracy: 0.08462369, 0.09535849, 1.300052, 0.01143515, 0.2030432, 0.02228916, 0.1387745, 0.02993047, 0.2428263, 0.02388656 ListAVG: 0.215222
Scene: Decorator - Number: 5
-----------------------------------------
-----------------------------------------
-----------------------------------------
Scene: Mines - Number: 5
Round: 1
Completion Time: 64.06168
Errors: 3
-----------------------------------------
-----------------------------------------
Round: 2
Completion Time: 78.87183
Errors: 10
-----------------------------------------
-----------------------------------------
-----------------------------------------
Scene: Decorator - Number: 5
0.1632929
0.05281866
0.02334118
0.07486939
0.2015889
Round: 1
Completion Time: 144.8781
Accuracy: 0.1632929, 0.05281866, 0.02334118, 0.07486939, 0.2015889 ListAVG: 0.1031822
-----------------------------------------
0.1126498
0.4665822
0.01887977
0.01975298
0.279659
Round: 2
Completion Time: 160.48
Accuracy: 0.1632929, 0.05281866, 0.02334118, 0.07486939, 0.2015889, 0.1126498, 0.4665822, 0.01887977, 0.01975298, 0.279659 ListAVG: 0.1413435
-----------------------------------------
-----------------------------------------
Scene: Decorator - Number: 5
