-----------------------------------------
Scene: Mines - Number: 5
Round: 1
Completion Time: 153.0149
Errors: 11
-----------------------------------------
-----------------------------------------
Round: 2
Completion Time: 77.67267
Errors: 14
-----------------------------------------
-----------------------------------------
-----------------------------------------
Scene: Decorator - Number: 5
1.271248
0.2815753
0.08915365
0.1546621
0.07874072
Round: 1
Completion Time: 272.2348
Accuracy: 1.271248, 0.2815753, 0.08915365, 0.1546621, 0.07874072 ListAVG: 0.375076
-----------------------------------------
0.03865957
0.7596016
0.4027933
0.007390976
0.07116497
Round: 2
Completion Time: 202.56
Accuracy: 1.271248, 0.2815753, 0.08915365, 0.1546621, 0.07874072, 0.03865957, 0.7596016, 0.4027933, 0.007390976, 0.07116497 ListAVG: 0.315499
-----------------------------------------
-----------------------------------------
Scene: Decorator - Number: 5
Scene: Mines - Number: 5
-----------------------------------------
Round: 1
Completion Time: 113.4555
Errors: 0
-----------------------------------------
-----------------------------------------
Round: 2
Completion Time: 70.14893
Errors: 7
-----------------------------------------
-----------------------------------------
-----------------------------------------
Scene: Decorator - Number: 5
0.02110004
0.006353855
0.0001132488
0.1266718
0.07522404
Round: 1
Completion Time: 206.4286
Accuracy: 0.02110004, 0.006353855, 0.0001132488, 0.1266718, 0.07522404 ListAVG: 0.0458926
-----------------------------------------
0.3715396
0.01489818
0.2653271
1.177955
0.1854986
Round: 2
Completion Time: 204.08
Accuracy: 0.02110004, 0.006353855, 0.0001132488, 0.1266718, 0.07522404, 0.3715396, 0.01489818, 0.2653271, 1.177955, 0.1854986 ListAVG: 0.2244681
-----------------------------------------
-----------------------------------------
Scene: Decorator - Number: 5
-----------------------------------------
Scene: Mines - Number: 5
Round: 1
Completion Time: 62.00211
Errors: 0
-----------------------------------------
-----------------------------------------
Round: 2
Completion Time: 84.9489
Errors: 0
-----------------------------------------
-----------------------------------------
Scene: Decorator - Number: 5
-----------------------------------------
0.08235872
0.1957834
0.4152775
0.2603889
0.1319736
Round: 1
Completion Time: 189.2107
Accuracy: 0.08235872, 0.1957834, 0.4152775, 0.2603889, 0.1319736 ListAVG: 0.2171564
-----------------------------------------
0.3472567
0.4221499
0.006139278
0.2825975
0.0006973743
Round: 2
Completion Time: 197.98
Accuracy: 0.08235872, 0.1957834, 0.4152775, 0.2603889, 0.1319736, 0.3472567, 0.4221499, 0.006139278, 0.2825975, 0.0006973743 ListAVG: 0.2144623
-----------------------------------------
-----------------------------------------
Scene: Decorator - Number: 5
