Scene: Mines - Number: 5
-----------------------------------------
-----------------------------------------
Round: 1
Completion Time: 119.8885
Errors: 18
-----------------------------------------
Round: 2
Completion Time: 127.664
Errors: 25
-----------------------------------------
-----------------------------------------
-----------------------------------------
Scene: Decorator - Number: 5
0.01035631
0.8611023
0.03609359
36.25454
0.3368288
Round: 1
Completion Time: 355.1523
Accuracy: 0.01035631, 0.8611023, 0.03609359, 36.25454, 0.3368288 ListAVG: 7.499784
-----------------------------------------
0.0115335
0.6412417
0.03367662
0.01882613
100.6727
Round: 2
Completion Time: 173.86
Accuracy: 0.01035631, 0.8611023, 0.03609359, 36.25454, 0.3368288, 0.0115335, 0.6412417, 0.03367662, 0.01882613, 100.6727 ListAVG: 13.88769
-----------------------------------------
-----------------------------------------
Scene: Decorator - Number: 5
-----------------------------------------
Scene: Mines - Number: 5
Round: 1
Completion Time: 107.4027
Errors: 5
-----------------------------------------
-----------------------------------------
Round: 2
Completion Time: 136.8676
Errors: 13
-----------------------------------------
-----------------------------------------
-----------------------------------------
Scene: Decorator - Number: 5
0.01285374
0.4958868
0.04502535
0.006920099
0.05779266
Round: 1
Completion Time: 157.4158
Accuracy: 0.01285374, 0.4958868, 0.04502535, 0.006920099, 0.05779266 ListAVG: 0.1236957
-----------------------------------------
0.001496077
0.1429468
0.153774
114.6109
0.4583031
Round: 2
Completion Time: 155.26
Accuracy: 0.01285374, 0.4958868, 0.04502535, 0.006920099, 0.05779266, 0.001496077, 0.1429468, 0.153774, 114.6109, 0.4583031 ListAVG: 11.59859
-----------------------------------------
-----------------------------------------
Scene: Decorator - Number: 5
-----------------------------------------
Scene: Mines - Number: 5
Round: 1
Completion Time: 84.22409
Errors: 8
-----------------------------------------
-----------------------------------------
Round: 2
Completion Time: 70.66331
Errors: 11
-----------------------------------------
-----------------------------------------
-----------------------------------------
Scene: Decorator - Number: 5
0.40088
99.24653
0.006917119
0.1274049
0.1127481
Round: 1
Completion Time: 158.8607
Accuracy: 0.40088, 99.24653, 0.006917119, 0.1274049, 0.1127481 ListAVG: 19.9789
-----------------------------------------
0.03439188
0.01854599
0.02149045
0.06943643
0.3581107
Round: 2
Completion Time: 136.32
Accuracy: 0.40088, 99.24653, 0.006917119, 0.1274049, 0.1127481, 0.03439188, 0.01854599, 0.02149045, 0.06943643, 0.3581107 ListAVG: 10.03965
-----------------------------------------
-----------------------------------------
Scene: Decorator - Number: 5
